app/build/intermediates/manifest_merge_blame_file/debug/manifest-merger-blame-debug-report.txt
1<?xml version="1.0" encoding="utf-8"?>
2<manifest xmlns:android="http://schemas.android.com/apk/res/android"
3    package="com.android.booksearchrxjavakotlin"
4    android:versionCode="1"
5    android:versionName="1.0" >
6
7    <uses-sdk
8        android:minSdkVersion="24"
8-->src\main\AndroidManifest.xml
9        android:targetSdkVersion="29" />
9-->src\main\AndroidManifest.xml
10
11    <uses-permission android:name="android.permission.INTERNET" />
11-->src\main\AndroidManifest.xml:5:5-67
11-->src\main\AndroidManifest.xml:5:22-64
12
13    <application
13-->src\main\AndroidManifest.xml:7:5-25:19
14        android:allowBackup="true"
14-->src\main\AndroidManifest.xml:8:9-35
15        android:appComponentFactory="androidx.core.app.CoreComponentFactory"
15-->[androidx.core:core:1.5.0] AndroidManifest.xml:24:18-86
16        android:debuggable="true"
17        android:extractNativeLibs="false"
18        android:icon="@mipmap/ic_launcher"
18-->src\main\AndroidManifest.xml:9:9-43
19        android:label="@string/app_name"
19-->src\main\AndroidManifest.xml:10:9-41
20        android:roundIcon="@mipmap/ic_launcher_round"
20-->src\main\AndroidManifest.xml:11:9-54
21        android:supportsRtl="true"
21-->src\main\AndroidManifest.xml:12:9-35
22        android:testOnly="true"
23        android:theme="@style/Theme.AppCompat.Light.NoActionBar"
23-->src\main\AndroidManifest.xml:13:9-65
24        android:usesCleartextTraffic="true" >
24-->src\main\AndroidManifest.xml:14:9-44
25        <activity android:name="com.utkarsh.mvvmrxjavakotlin.activity.LoginActivity" >
25-->src\main\AndroidManifest.xml:15:9-21:20
25-->src\main\AndroidManifest.xml:15:19-85
26            <intent-filter>
26-->src\main\AndroidManifest.xml:16:13-20:29
27                <action android:name="android.intent.action.MAIN" />
27-->src\main\AndroidManifest.xml:17:17-69
27-->src\main\AndroidManifest.xml:17:25-66
28
29                <category android:name="android.intent.category.LAUNCHER" />
29-->src\main\AndroidManifest.xml:19:17-77
29-->src\main\AndroidManifest.xml:19:27-74
30            </intent-filter>
31        </activity>
32        <activity android:name="com.utkarsh.mvvmrxjavakotlin.MainActivity" >
32-->src\main\AndroidManifest.xml:22:9-24:20
32-->src\main\AndroidManifest.xml:22:19-75
33        </activity>
34
35        <provider
35-->[androidx.lifecycle:lifecycle-process:2.2.0] AndroidManifest.xml:25:9-29:43
36            android:name="androidx.lifecycle.ProcessLifecycleOwnerInitializer"
36-->[androidx.lifecycle:lifecycle-process:2.2.0] AndroidManifest.xml:26:13-79
37            android:authorities="com.android.booksearchrxjavakotlin.lifecycle-process"
37-->[androidx.lifecycle:lifecycle-process:2.2.0] AndroidManifest.xml:27:13-69
38            android:exported="false"
38-->[androidx.lifecycle:lifecycle-process:2.2.0] AndroidManifest.xml:28:13-37
39            android:multiprocess="true" />
39-->[androidx.lifecycle:lifecycle-process:2.2.0] AndroidManifest.xml:29:13-40
40    </application>
41
42</manifest>